<?xml version="1.0" encoding="UTF-8"?>
<!-- Generated by org.testng.reporters.JUnitReportReporter -->
<testsuite skipped="4" hostname="DESKTOP-L78C875" name="BasecampWeb.SanityTests.BaseCampSanity" tests="5" failures="0" timestamp="21 Apr 2020 19:39:36 GMT" time="0.000" errors="1">
  <testcase name="startSession" time="0.000" classname="BasecampWeb.SanityTests.BaseCampSanity">
    <error type="org.testng.TestNGException" message="
Parameter &#039;platformName&#039; is required by BeforeClass on method startSession but has not been marked @Optional or defined
in C:\git\Basecamp_Project\testNgExecuteWeb.xml">
      <![CDATA[org.testng.TestNGException: 
Parameter 'platformName' is required by BeforeClass on method startSession but has not been marked @Optional or defined
in C:\git\Basecamp_Project\testNgExecuteWeb.xml
at org.testng.internal.Parameters.createParams(Parameters.java:290)
at org.testng.internal.Parameters.createParametersForMethod(Parameters.java:359)
at org.testng.internal.Parameters.createParameters(Parameters.java:620)
at org.testng.internal.Parameters.createConfigurationParameters(Parameters.java:190)
at org.testng.internal.Invoker.invokeConfigurations(Invoker.java:209)
at org.testng.internal.Invoker.invokeConfigurations(Invoker.java:142)
at org.testng.internal.TestMethodWorker.invokeBeforeClassMethods(TestMethodWorker.java:168)
at org.testng.internal.TestMethodWorker.run(TestMethodWorker.java:105)
at org.testng.TestRunner.privateRun(TestRunner.java:648)
at org.testng.TestRunner.run(TestRunner.java:505)
at org.testng.SuiteRunner.runTest(SuiteRunner.java:455)
at org.testng.SuiteRunner.runSequentially(SuiteRunner.java:450)
at org.testng.SuiteRunner.privateRun(SuiteRunner.java:415)
at org.testng.SuiteRunner.run(SuiteRunner.java:364)
at org.testng.SuiteRunnerWorker.runSuite(SuiteRunnerWorker.java:52)
at org.testng.SuiteRunnerWorker.run(SuiteRunnerWorker.java:84)
at org.testng.TestNG.runSuitesSequentially(TestNG.java:1208)
at org.testng.TestNG.runSuitesLocally(TestNG.java:1137)
at org.testng.TestNG.runSuites(TestNG.java:1049)
at org.testng.TestNG.run(TestNG.java:1017)
at org.apache.maven.surefire.testng.TestNGExecutor.run(TestNGExecutor.java:283)
at org.apache.maven.surefire.testng.TestNGXmlTestSuite.execute(TestNGXmlTestSuite.java:75)
at org.apache.maven.surefire.testng.TestNGProvider.invoke(TestNGProvider.java:120)
at org.apache.maven.surefire.booter.ForkedBooter.invokeProviderInSameClassLoader(ForkedBooter.java:384)
at org.apache.maven.surefire.booter.ForkedBooter.runSuitesInProcess(ForkedBooter.java:345)
at org.apache.maven.surefire.booter.ForkedBooter.execute(ForkedBooter.java:126)
at org.apache.maven.surefire.booter.ForkedBooter.main(ForkedBooter.java:418)
]]>
    </error>
  </testcase> <!-- startSession -->
  <testcase name="testLogin" time="0.000" classname="BasecampWeb.SanityTests.BaseCampSanity">
    <skipped/>
  </testcase> <!-- testLogin -->
  <testcase name="testAddNewProject" time="0.000" classname="BasecampWeb.SanityTests.BaseCampSanity">
    <skipped/>
  </testcase> <!-- testAddNewProject -->
  <testcase name="testRemoveAProject" time="0.000" classname="BasecampWeb.SanityTests.BaseCampSanity">
    <skipped/>
  </testcase> <!-- testRemoveAProject -->
  <testcase name="testSignup" classname="BasecampWeb.SanityTests.BaseCampSanity">
    <skipped/>
  </testcase> <!-- testSignup -->
</testsuite> <!-- BasecampWeb.SanityTests.BaseCampSanity -->
