<?xml version="1.0" encoding="UTF-8"?>
<!-- Generated by org.testng.reporters.JUnitReportReporter -->
<testsuite skipped="1" hostname="DESKTOP-L78C875" name="BasecampWeb.SanityTests.BaseCampSanity" tests="4" failures="0" timestamp="15 Apr 2020 09:17:26 GMT" time="115.492" errors="0">
  <testcase name="testLogin" time="30.115" classname="BasecampWeb.SanityTests.BaseCampSanity"/>
  <testcase name="testAddNewProject" time="46.403" classname="BasecampWeb.SanityTests.BaseCampSanity"/>
  <testcase name="testRemoveAProject" time="38.974" classname="BasecampWeb.SanityTests.BaseCampSanity"/>
  <testcase name="testSignup" classname="BasecampWeb.SanityTests.BaseCampSanity">
    <skipped/>
  </testcase> <!-- testSignup -->
</testsuite> <!-- BasecampWeb.SanityTests.BaseCampSanity -->
